build/app/outputs/mapping/release/seeds.txt
io.flutter.embedding.engine.renderer.SurfaceTextureWrapper: SurfaceTextureWrapper(android.graphics.SurfaceTexture)
io.flutter.embedding.engine.renderer.FlutterRenderer$ImageReaderSurfaceProducer: long id()
io.flutter.plugin.editing.TextInputPlugin$InputTarget$Type: io.flutter.plugin.editing.TextInputPlugin$InputTarget$Type valueOf(java.lang.String)
androidx.lifecycle.ReportFragment$LifecycleCallbacks: void onActivitySaveInstanceState(android.app.Activity,android.os.Bundle)
androidx.window.layout.adapter.sidecar.DistinctElementSidecarCallback: void onWindowLayoutChanged(android.os.IBinder,androidx.window.sidecar.SidecarWindowLayoutInfo)
io.flutter.embedding.engine.FlutterJNI: void nativeSetSemanticsEnabled(long,boolean)
androidx.lifecycle.ProcessLifecycleOwner$attach$1: void onActivityPreCreated(android.app.Activity,android.os.Bundle)
androidx.lifecycle.ReportFragment$LifecycleCallbacks: void onActivityPostStarted(android.app.Activity)
androidx.core.view.WindowInsetsCompat$BuilderImpl: void setSystemWindowInsets(androidx.core.graphics.Insets)
androidx.core.view.WindowInsetsCompat$BuilderImpl30: WindowInsetsCompat$BuilderImpl30()
io.flutter.view.AccessibilityViewEmbedder: android.view.View platformViewOfNode(int)
io.flutter.view.AccessibilityBridge$Action: io.flutter.view.AccessibilityBridge$Action[] values()
androidx.core.view.DisplayCutoutCompat$Api28Impl: android.view.DisplayCutout createDisplayCutout(android.graphics.Rect,java.util.List)
io.flutter.view.TextureRegistry$SurfaceTextureEntry: void setOnFrameConsumedListener(io.flutter.view.TextureRegistry$OnFrameConsumedListener)
io.flutter.plugin.platform.SingleViewPresentation: SingleViewPresentation(android.content.Context,android.view.Display,io.flutter.plugin.platform.PlatformView,io.flutter.plugin.platform.AccessibilityEventsDelegate,int,android.view.View$OnFocusChangeListener)
kotlinx.coroutines.android.AndroidExceptionPreHandler: AndroidExceptionPreHandler()
androidx.core.view.ViewCompat$Api21Impl: boolean isImportantForAccessibility(android.view.View)
io.flutter.embedding.engine.FlutterJNI: void dispatchPointerDataPacket(java.nio.ByteBuffer,int)
io.flutter.view.FlutterCallbackInformation: FlutterCallbackInformation(java.lang.String,java.lang.String,java.lang.String)
io.flutter.plugin.editing.ImeSyncDeferringInsetsCallback$AnimationCallback: void onEnd(android.view.WindowInsetsAnimation)
io.flutter.embedding.engine.FlutterJNI: boolean nativeFlutterTextUtilsIsEmojiModifier(int)
io.flutter.embedding.engine.FlutterJNI: void removeEngineLifecycleListener(io.flutter.embedding.engine.FlutterEngine$EngineLifecycleListener)
androidx.core.graphics.drawable.IconCompat$Api28Impl: android.net.Uri getUri(java.lang.Object)
androidx.startup.InitializationProvider: InitializationProvider()
kotlinx.coroutines.channels.BufferOverflow: kotlinx.coroutines.channels.BufferOverflow valueOf(java.lang.String)
io.flutter.embedding.engine.FlutterJNI: boolean isCodePointVariantSelector(int)
io.flutter.embedding.engine.FlutterJNI: void updateDisplayMetrics(int,float,float,float)
androidx.window.area.reflectionguard.WindowAreaComponentApi3Requirements: void removeRearDisplayPresentationStatusListener(androidx.window.extensions.core.util.function.Consumer)
io.flutter.embedding.android.FlutterView: io.flutter.plugin.common.BinaryMessenger getBinaryMessenger()
androidx.lifecycle.ReportFragment$LifecycleCallbacks: void onActivityStopped(android.app.Activity)
android.support.v4.app.RemoteActionCompatParcelizer: RemoteActionCompatParcelizer()
androidx.window.area.reflectionguard.WindowAreaComponentApi2Requirements: void startRearDisplaySession(android.app.Activity,androidx.window.extensions.core.util.function.Consumer)
androidx.profileinstaller.ProfileInstallerInitializer$Choreographer16Impl: void postFrameCallback(java.lang.Runnable)
androidx.core.view.WindowInsetsCompat$Impl: void copyWindowDataInto(androidx.core.view.WindowInsetsCompat)