build/app/outputs/mapping/release/mapping.txt
# compiler: R8
# compiler_version: 8.1.56
# min_api: 21
# common_typos_disable
# {"id":"com.android.tools.r8.mapping","version":"2.2"}
# pg_map_id: dd302b3
# pg_map_hash: SHA-256 dd302b395bf9ca937057e79fe9d83cd239240f355e083d8fbebce265beba90f2
...
androidx.core.util.Consumer -> j.a:
    void accept(java.lang.Object) -> accept
androidx.core.view.DisplayCutoutCompat -> k.a:
    android.view.DisplayCutout mDisplayCutout -> a
    1:1:void <init>(android.view.DisplayCutout):0:0 -> <init>
    18:28:boolean androidx.core.util.ObjectsCompat.equals(java.lang.Object,java.lang.Object):0:0 -> equals
    18:28:boolean equals(java.lang.Object):0 -> equals
    1:1:int hashCode():0:0 -> hashCode
    1:1:java.lang.String toString():0:0 -> toString
androidx.core.view.OnApplyWindowInsetsListener -> k.b:
androidx.core.view.SoftwareKeyboardControllerCompat -> k.e:
    int $r8$classId -> a
    androidx.core.view.SoftwareKeyboardControllerCompat$Impl mImpl -> b
    1:1:void androidx.core.view.SoftwareKeyboardControllerCompat.<init>(android.view.View):0:0 -> <init>
    1:1:void $r8$init$synthetic(android.view.View):0 -> <init>
      # {"id":"com.android.tools.r8.synthesized"}
      # {"id":"com.android.tools.r8.residualsignature","signature":"()V"}
    2:2:void androidx.profileinstaller.ProfileInstallReceiver$ResultDiagnostics.<init>(androidx.profileinstaller.ProfileInstallReceiver):0:0 -> <init>
    2:2:void $r8$init$synthetic(java.lang.Object,int):0 -> <init>
      # {"id":"com.android.tools.r8.synthesized"}
      # {"id":"com.android.tools.r8.residualsignature","signature":"(ILjava/lang/Object;)V"}
    3:3:void io.flutter.embedding.engine.dart.DartExecutor$DefaultBinaryMessenger.<init>(io.flutter.embedding.engine.dart.DartMessenger,io.flutter.embedding.engine.dart.DartExecutor$1):0:0 -> <init>
    3:3:void $r8$init$synthetic(io.flutter.embedding.engine.dart.DartMessenger,io.flutter.embedding.engine.dart.DartExecutor$1):0 -> <init>
      # {"id":"com.android.tools.r8.synthesized"}
      # {"id":"com.android.tools.r8.residualsignature","signature":"(Le0/g;)V"}
    7:8:void io.flutter.plugin.editing.TextInputPlugin.setPlatformViewTextInputClient(int,boolean):0:0 -> A
androidx.core.view.SoftwareKeyboardControllerCompat$Impl20 -> k.c:
    1:1:void <init>(android.view.View):0:0 -> <init>
      # {"id":"com.android.tools.r8.residualsignature","signature":"()V"}
androidx.core.view.SoftwareKeyboardControllerCompat$Impl30 -> k.d:
androidx.core.view.ViewCompat -> k.i:
    int $r8$clinit -> a
    1:6:void androidx.core.view.ViewCompat$AccessibilityPaneVisibilityManager.<init>():0:0 -> <clinit>
    1:6:void <clinit>():0 -> <clinit>
androidx.core.view.ViewCompat$Api21Impl -> k.g:
    1:1:void callCompatInsetAnimationCallback(android.view.WindowInsets,android.view.View):0:0 -> a
    1:2:android.view.WindowInsets androidx.core.view.WindowInsetsCompat.toWindowInsets():0:0 -> b
    1:2:androidx.core.view.WindowInsetsCompat computeSystemWindowInsets(android.view.View,androidx.core.view.WindowInsetsCompat,android.graphics.Rect):0 -> b
      # {"id":"com.android.tools.r8.rewriteFrame","conditions":["throws(Ljava/lang/NullPointerException;)"],"actions":["removeInnerFrames(1)"]}
      # {"id":"com.android.tools.r8.residualsignature","signature":"(Landroid/view/View;Lk/u;Landroid/graphics/Rect;)Lk/u;"}
    3:14:android.view.WindowInsets androidx.core.view.WindowInsetsCompat.toWindowInsets():0:0 -> b
    3:14:androidx.core.view.WindowInsetsCompat computeSystemWindowInsets(android.view.View,androidx.core.view.WindowInsetsCompat,android.graphics.Rect):0 -> b
    15:27:androidx.core.view.WindowInsetsCompat computeSystemWindowInsets(android.view.View,androidx.core.view.WindowInsetsCompat,android.graphics.Rect):0:0 -> b
    1:1:boolean dispatchNestedFling(android.view.View,float,float,boolean):0:0 -> c
    1:1:boolean dispatchNestedPreFling(android.view.View,float,float):0:0 -> d
    1:1:boolean dispatchNestedPreScroll(android.view.View,int,int,int[],int[]):0:0 -> e
    1:1:boolean dispatchNestedScroll(android.view.View,int,int,int,int,int[]):0:0 -> f